<component name="libraryTable">
  <library name="junit-platform-suite-api-1.4.0-20181210.143424-261">
    <CLASSES>
      <root url="jar://$PROJECT_DIR$/lib/junit-platform-suite-api-1.4.0-20181210.143424-261.jar!/" />
    </CLASSES>
    <JAVADOC />
    <SOURCES />
  </library>
</component>